<?xml version="1.0" encoding="UTF-8"?>
<!-- Generated by org.testng.reporters.JUnitXMLReporter -->
<testsuite ignored="0" hostname="Saravanan-Santhanam" failures="1" tests="33" name="Default test" time="1734.609" errors="0" timestamp="2024-02-29T15:35:08 IST">
  <testcase classname="New_ui_Testclass.BasicSmoke_MobAndWeb" name="CreateCustomerAndVerifyInWeb" time="42.216"/>
  <testcase classname="New_ui_Testclass.BasicSmoke_MobAndWeb" name="EditCustomerAndVerifyInWeb" time="30.076"/>
  <testcase classname="New_ui_Testclass.BasicSmoke_MobAndWeb" name="CustomerEditInWebAndVerifyInMob" time="17.116"/>
  <testcase classname="New_ui_Testclass.BasicSmoke_MobAndWeb" name="AddCommunicationsForCustomer_InMobile" time="73.218"/>
  <testcase classname="New_ui_Testclass.BasicSmoke_MobAndWeb" name="VerifyCustomerNotesInWeb" time="7.649"/>
  <testcase classname="New_ui_Testclass.BasicSmoke_MobAndWeb" name="Add_AttachedFiles_ForCustomer_InMobile" time="41.755"/>
  <testcase classname="New_ui_Testclass.BasicSmoke_MobAndWeb" name="VerifyCustomerFilesInWeb" time="7.588"/>
  <testcase classname="New_ui_Testclass.BasicSmoke_MobAndWeb" name="Assets_ForCustomer" time="41.339">
    <skipped/>
  </testcase> <!-- Assets_ForCustomer -->
  <testcase classname="New_ui_Testclass.BasicSmoke_MobAndWeb" name="Assets_ForCustomer" time="41.345">
    <skipped/>
  </testcase> <!-- Assets_ForCustomer -->
  <testcase classname="New_ui_Testclass.BasicSmoke_MobAndWeb" name="Assets_ForCustomer" time="41.193">
    <skipped/>
  </testcase> <!-- Assets_ForCustomer -->
  <testcase classname="New_ui_Testclass.BasicSmoke_MobAndWeb" name="Assets_ForCustomer" time="41.549">
    <failure type="org.openqa.selenium.TimeoutException" message="Expected condition failed: waiting for element to be clickable: By.xpath: //*[@text=&amp;apos;Assets&amp;apos;] (tried for 40 second(s) with 500 milliseconds interval)">
      <![CDATA[org.openqa.selenium.TimeoutException: Expected condition failed: waiting for element to be clickable: By.xpath: //*[@text='Assets'] (tried for 40 second(s) with 500 milliseconds interval)
at org.openqa.selenium.support.ui.WebDriverWait.timeoutException(WebDriverWait.java:95)
at org.openqa.selenium.support.ui.FluentWait.until(FluentWait.java:272)
at MainPack.Wrapper.ExplicitWait_ElementToBeClickable(Wrapper.java:814)
at Pages.Assets.Click_Assets(Assets.java:19)
at New_ui_Testclass.BasicSmoke_MobAndWeb.Assets_ForCustomer(BasicSmoke_MobAndWeb.java:267)
at java.base/jdk.internal.reflect.NativeMethodAccessorImpl.invoke0(Native Method)
at java.base/jdk.internal.reflect.NativeMethodAccessorImpl.invoke(NativeMethodAccessorImpl.java:77)
at java.base/jdk.internal.reflect.DelegatingMethodAccessorImpl.invoke(DelegatingMethodAccessorImpl.java:43)
at java.base/java.lang.reflect.Method.invoke(Method.java:568)
at org.testng.internal.MethodInvocationHelper.invokeMethod(MethodInvocationHelper.java:133)
at org.testng.internal.TestInvoker.invokeMethod(TestInvoker.java:598)
at org.testng.internal.TestInvoker.retryFailed(TestInvoker.java:213)
at org.testng.internal.MethodRunner.runInSequence(MethodRunner.java:58)
at org.testng.internal.TestInvoker$MethodInvocationAgent.invoke(TestInvoker.java:824)
at org.testng.internal.TestInvoker.invokeTestMethods(TestInvoker.java:146)
at org.testng.internal.TestMethodWorker.invokeTestMethods(TestMethodWorker.java:146)
at org.testng.internal.TestMethodWorker.run(TestMethodWorker.java:128)
at java.base/java.util.ArrayList.forEach(ArrayList.java:1511)
at org.testng.TestRunner.privateRun(TestRunner.java:794)
at org.testng.TestRunner.run(TestRunner.java:596)
at org.testng.SuiteRunner.runTest(SuiteRunner.java:377)
at org.testng.SuiteRunner.runSequentially(SuiteRunner.java:371)
at org.testng.SuiteRunner.privateRun(SuiteRunner.java:332)
at org.testng.SuiteRunner.run(SuiteRunner.java:276)
at org.testng.SuiteRunnerWorker.runSuite(SuiteRunnerWorker.java:53)
at org.testng.SuiteRunnerWorker.run(SuiteRunnerWorker.java:96)
at org.testng.TestNG.runSuitesSequentially(TestNG.java:1212)
at org.testng.TestNG.runSuitesLocally(TestNG.java:1134)
at org.testng.TestNG.runSuites(TestNG.java:1063)
at org.testng.TestNG.run(TestNG.java:1031)
at org.testng.remote.AbstractRemoteTestNG.run(AbstractRemoteTestNG.java:115)
at org.testng.remote.RemoteTestNG.initAndRun(RemoteTestNG.java:251)
at org.testng.remote.RemoteTestNG.main(RemoteTestNG.java:77)
Caused by: org.openqa.selenium.NoSuchElementException: An element could not be located on the page using the given search parameters.
For documentation on this error, please visit: https://www.seleniumhq.org/exceptions/no_such_element.html
Build info: version: '3.141.59', revision: 'e82be7d358', time: '2018-11-14T08:17:03'
System info: host: 'SARAVANAN-SANTH', ip: '192.168.100.116', os.name: 'Windows 10', os.arch: 'amd64', os.version: '10.0', java.version: '17.0.1'
Driver info: io.appium.java_client.android.AndroidDriver
Capabilities {appActivity: com.commusoft.v4.Setup.Acti..., appPackage: com.commusoft.v4, applicationName: Commusoft, automationName: UiAutomator2, clearDeviceLogsOnStart: true, databaseEnabled: false, desired: {appActivity: com.commusoft.v4.Setup.Acti..., appPackage: com.commusoft.v4, applicationName: Commusoft, automationName: UiAutomator2, clearDeviceLogsOnStart: true, deviceName: Redmi, newCommandTimeout: 10000, noReset: true, platformName: android, udid: 192.168.100.93:5555, version: 9}, deviceApiLevel: 30, deviceManufacturer: Xiaomi, deviceModel: Redmi Note 8 Pro, deviceName: 192.168.100.93:5555, deviceScreenDensity: 440, deviceScreenSize: 1080x2340, deviceUDID: 192.168.100.93:5555, javascriptEnabled: true, locationContextEnabled: false, networkConnectionEnabled: true, newCommandTimeout: 10000, noReset: true, pixelRatio: 2.75, platform: LINUX, platformName: Android, platformVersion: 11, statBarHeight: 76, takesScreenshot: true, udid: 192.168.100.93:5555, version: 9, viewportRect: {height: 2058, left: 0, top: 76, width: 1080}, warnings: {}, webStorageEnabled: false}
Session ID: fa316f2c-1daa-4853-808e-a8c48ee51256
*** Element info: {Using=xpath, value=//*[@text='Assets']}
at jdk.internal.reflect.GeneratedConstructorAccessor15.newInstance(Unknown Source)
at java.base/jdk.internal.reflect.DelegatingConstructorAccessorImpl.newInstance(DelegatingConstructorAccessorImpl.java:45)
at java.base/java.lang.reflect.Constructor.newInstanceWithCaller(Constructor.java:499)
at java.base/java.lang.reflect.Constructor.newInstance(Constructor.java:480)
at org.openqa.selenium.remote.http.W3CHttpResponseCodec.createException(W3CHttpResponseCodec.java:187)
at org.openqa.selenium.remote.http.W3CHttpResponseCodec.decode(W3CHttpResponseCodec.java:122)
at org.openqa.selenium.remote.http.W3CHttpResponseCodec.decode(W3CHttpResponseCodec.java:49)
at org.openqa.selenium.remote.HttpCommandExecutor.execute(HttpCommandExecutor.java:158)
at io.appium.java_client.remote.AppiumCommandExecutor.execute(AppiumCommandExecutor.java:247)
at org.openqa.selenium.remote.RemoteWebDriver.execute(RemoteWebDriver.java:552)
at io.appium.java_client.DefaultGenericMobileDriver.execute(DefaultGenericMobileDriver.java:41)
at io.appium.java_client.AppiumDriver.execute(AppiumDriver.java:1)
at io.appium.java_client.android.AndroidDriver.execute(AndroidDriver.java:1)
at org.openqa.selenium.remote.RemoteWebDriver.findElement(RemoteWebDriver.java:323)
at io.appium.java_client.DefaultGenericMobileDriver.findElement(DefaultGenericMobileDriver.java:61)
at io.appium.java_client.AppiumDriver.findElement(AppiumDriver.java:1)
at io.appium.java_client.android.AndroidDriver.findElement(AndroidDriver.java:1)
at org.openqa.selenium.remote.RemoteWebDriver.findElementByXPath(RemoteWebDriver.java:428)
at io.appium.java_client.DefaultGenericMobileDriver.findElementByXPath(DefaultGenericMobileDriver.java:151)
at io.appium.java_client.AppiumDriver.findElementByXPath(AppiumDriver.java:1)
at io.appium.java_client.android.AndroidDriver.findElementByXPath(AndroidDriver.java:1)
at org.openqa.selenium.By$ByXPath.findElement(By.java:353)
at org.openqa.selenium.remote.RemoteWebDriver.findElement(RemoteWebDriver.java:315)
at io.appium.java_client.DefaultGenericMobileDriver.findElement(DefaultGenericMobileDriver.java:57)
at io.appium.java_client.AppiumDriver.findElement(AppiumDriver.java:1)
at io.appium.java_client.android.AndroidDriver.findElement(AndroidDriver.java:1)
at org.openqa.selenium.support.ui.ExpectedConditions$7.apply(ExpectedConditions.java:205)
at org.openqa.selenium.support.ui.ExpectedConditions$7.apply(ExpectedConditions.java:201)
at org.openqa.selenium.support.ui.ExpectedConditions$22.apply(ExpectedConditions.java:641)
at org.openqa.selenium.support.ui.ExpectedConditions$22.apply(ExpectedConditions.java:638)
at org.openqa.selenium.support.ui.FluentWait.until(FluentWait.java:249)
... 31 more
]]>
    </failure>
  </testcase> <!-- Assets_ForCustomer -->
  <testcase classname="New_ui_Testclass.BasicSmoke_MobAndWeb" name="Add_Reminders_ForCustomer_InMobile" time="79.772"/>
  <testcase classname="New_ui_Testclass.BasicSmoke_MobAndWeb" name="VerifyCustomerRemindersOnWeb" time="7.77"/>
  <testcase classname="New_ui_Testclass.BasicSmoke_MobAndWeb" name="AddCustomerContactsInMob" time="16.039"/>
  <testcase classname="New_ui_Testclass.BasicSmoke_MobAndWeb" name="VerifyCustomerContactOnWeb" time="6.135"/>
  <testcase classname="New_ui_Testclass.BasicSmoke_MobAndWeb" name="AddWorkaddressAndVerifyInWeb" time="40.648"/>
  <testcase classname="New_ui_Testclass.BasicSmoke_MobAndWeb" name="EditWorkAddressAndVerifyinWeb" time="17.677"/>
  <testcase classname="New_ui_Testclass.BasicSmoke_MobAndWeb" name="WorkAddressEditInWebAndVerifyInMob" time="24.293"/>
  <testcase classname="New_ui_Testclass.BasicSmoke_MobAndWeb" name="EstimateAcceptWithPrice_InMobile" time="210.993"/>
  <testcase classname="New_ui_Testclass.BasicSmoke_MobAndWeb" name="Verify_AcceptedEstimate_OnWeb" time="4.94"/>
  <testcase classname="New_ui_Testclass.BasicSmoke_MobAndWeb" name="Reject_Estimate_InMobile" time="88.907"/>
  <testcase classname="New_ui_Testclass.BasicSmoke_MobAndWeb" name="Verify_RejectedEstimateInWeb" time="5.568"/>
  <testcase classname="New_ui_Testclass.BasicSmoke_MobAndWeb" name="Abort_Estimate_InMobile" time="88.229"/>
  <testcase classname="New_ui_Testclass.BasicSmoke_MobAndWeb" name="Verify_AbortedEstimateInWeb" time="5.217"/>
  <testcase classname="New_ui_Testclass.BasicSmoke_MobAndWeb" name="CompleteJobWithInvoiceAndPayment_InMobile" time="180.861"/>
  <testcase classname="New_ui_Testclass.BasicSmoke_MobAndWeb" name="Verify_CompletedJobWithFinalInvoice_OnWeb" time="5.971"/>
  <testcase classname="New_ui_Testclass.BasicSmoke_MobAndWeb" name="Reject_Job_InMobile" time="79.792"/>
  <testcase classname="New_ui_Testclass.BasicSmoke_MobAndWeb" name="Verify_RejectedJobInWeb" time="5.309"/>
  <testcase classname="New_ui_Testclass.BasicSmoke_MobAndWeb" name="Abort_Job_InMobile" time="81.413"/>
  <testcase classname="New_ui_Testclass.BasicSmoke_MobAndWeb" name="Verify_AbortedJobInWeb" time="5.248"/>
  <testcase classname="New_ui_Testclass.BasicSmoke_MobAndWeb" name="GenerateCertificateForJob_And_VerifyInMobile" time="162.707"/>
  <testcase classname="New_ui_Testclass.BasicSmoke_MobAndWeb" name="Verify_CompletedCertificateInWeb" time="6.872"/>
  <testcase classname="New_ui_Testclass.BasicSmoke_MobAndWeb" name="EmailCertificateFromMobileAndVerifyOnTheGmailApp" time="192.416"/>
</testsuite> <!-- Default test -->
