<?xml version="1.0" encoding="UTF-8"?>
<!-- Generated by org.testng.reporters.JUnitXMLReporter -->
<testsuite ignored="44" hostname="commuqa02" failures="0" tests="1" name="Failed Test Retest" time="39.629" errors="0" timestamp="2025-02-14T17:06:56 IST">
  <testcase classname="MainPack.BaseClassForWebAndMobile" name="@BeforeTest ConnectWeb" time="19.461">
    <failure type="org.openqa.selenium.WebDriverException" message="unknown error: net::ERR_NAME_NOT_RESOLVED
  (Session info: chrome=132.0.6834.160)
Build info: version: &amp;apos;3.141.59&amp;apos;, revision: &amp;apos;e82be7d358&amp;apos;, time: &amp;apos;2018-11-14T08:17:03&amp;apos;
System info: host: &amp;apos;COMMUQA02&amp;apos;, ip: &amp;apos;192.168.100.189&amp;apos;, os.name: &amp;apos;Windows 11&amp;apos;, os.arch: &amp;apos;amd64&amp;apos;, os.version: &amp;apos;10.0&amp;apos;, java.version: &amp;apos;22.0.2&amp;apos;
Driver info: org.openqa.selenium.chrome.ChromeDriver
Capabilities {acceptInsecureCerts: false, browserName: chrome, browserVersion: 132.0.6834.160, chrome: {chromedriverVersion: 132.0.6834.159 (2d77d3fc445..., userDataDir: C:\Users\sarav\AppData\Loca...}, fedcm:accounts: true, goog:chromeOptions: {debuggerAddress: localhost:51358}, javascriptEnabled: true, networkConnectionEnabled: false, pageLoadStrategy: normal, platform: WINDOWS, platformName: WINDOWS, proxy: Proxy(), setWindowRect: true, strictFileInteractability: false, timeouts: {implicit: 0, pageLoad: 300000, script: 30000}, unhandledPromptBehavior: dismiss and notify, webauthn:extension:credBlob: true, webauthn:extension:largeBlob: true, webauthn:extension:minPinLength: true, webauthn:extension:prf: true, webauthn:virtualAuthenticators: true}
Session ID: 6fc95648d71d929cdd7800636fd368c3">
      <![CDATA[org.openqa.selenium.WebDriverException: unknown error: net::ERR_NAME_NOT_RESOLVED
  (Session info: chrome=132.0.6834.160)
Build info: version: '3.141.59', revision: 'e82be7d358', time: '2018-11-14T08:17:03'
System info: host: 'COMMUQA02', ip: '192.168.100.189', os.name: 'Windows 11', os.arch: 'amd64', os.version: '10.0', java.version: '22.0.2'
Driver info: org.openqa.selenium.chrome.ChromeDriver
Capabilities {acceptInsecureCerts: false, browserName: chrome, browserVersion: 132.0.6834.160, chrome: {chromedriverVersion: 132.0.6834.159 (2d77d3fc445..., userDataDir: C:\Users\sarav\AppData\Loca...}, fedcm:accounts: true, goog:chromeOptions: {debuggerAddress: localhost:51358}, javascriptEnabled: true, networkConnectionEnabled: false, pageLoadStrategy: normal, platform: WINDOWS, platformName: WINDOWS, proxy: Proxy(), setWindowRect: true, strictFileInteractability: false, timeouts: {implicit: 0, pageLoad: 300000, script: 30000}, unhandledPromptBehavior: dismiss and notify, webauthn:extension:credBlob: true, webauthn:extension:largeBlob: true, webauthn:extension:minPinLength: true, webauthn:extension:prf: true, webauthn:virtualAuthenticators: true}
Session ID: 6fc95648d71d929cdd7800636fd368c3
at org.openqa.selenium.remote.http.W3CHttpResponseCodec.createException(W3CHttpResponseCodec.java:187)
at org.openqa.selenium.remote.http.W3CHttpResponseCodec.decode(W3CHttpResponseCodec.java:122)
at org.openqa.selenium.remote.http.W3CHttpResponseCodec.decode(W3CHttpResponseCodec.java:49)
at org.openqa.selenium.remote.HttpCommandExecutor.execute(HttpCommandExecutor.java:158)
at org.openqa.selenium.remote.service.DriverCommandExecutor.execute(DriverCommandExecutor.java:83)
at org.openqa.selenium.remote.RemoteWebDriver.execute(RemoteWebDriver.java:552)
at org.openqa.selenium.remote.RemoteWebDriver.get(RemoteWebDriver.java:277)
at org.openqa.selenium.support.events.EventFiringWebDriver.lambda$new$1(EventFiringWebDriver.java:105)
at jdk.proxy2/jdk.proxy2.$Proxy16.get(Unknown Source)
at org.openqa.selenium.support.events.EventFiringWebDriver.get(EventFiringWebDriver.java:165)
at Utility.ExcelReader.Owner(ExcelReader.java:141)
at MainPack.BaseClassForWebAndMobile.ConnectWeb(BaseClassForWebAndMobile.java:270)
at MainPack.BaseClassForWebAndMobile.onFinish(BaseClassForWebAndMobile.java:354)
... Removed 40 stack frames]]>
    </failure>
  </testcase> <!-- @BeforeTest ConnectWeb -->
  <testcase classname="New_ui_Testclass.BasicSmoke_MobAndWeb" name="@AfterMethod handleAppCrash" time="0.0">
    <failure type="java.lang.NullPointerException" message="Cannot invoke &amp;quot;io.appium.java_client.android.AndroidDriver.getPageSource()&amp;quot; because &amp;quot;this.driver&amp;quot; is null">
      <![CDATA[java.lang.NullPointerException: Cannot invoke "io.appium.java_client.android.AndroidDriver.getPageSource()" because "this.driver" is null
at MainPack.Wrapper.CloseTheAppWhenItWasCrashed(Wrapper.java:2985)
at New_ui_Testclass.BasicSmoke_MobAndWeb.handleAppCrash(BasicSmoke_MobAndWeb.java:76)
at java.base/java.util.ArrayList.forEach(ArrayList.java:1597)
at MainPack.BaseClassForWebAndMobile.onFinish(BaseClassForWebAndMobile.java:354)
... Removed 43 stack frames]]>
    </failure>
  </testcase> <!-- @AfterMethod handleAppCrash -->
  <testcase classname="MainPack.BaseClassForWebAndMobile" name="@AfterMethod teardown" time="0.0">
    <skipped/>
  </testcase> <!-- @AfterMethod teardown -->
  <testcase classname="New_ui_Testclass.BasicSmoke_MobAndWeb" name="JobAppointment_StatusVerification_PropertyHistory" time="0.0">
    <skipped/>
  </testcase> <!-- JobAppointment_StatusVerification_PropertyHistory -->
  <testcase classname="New_ui_Testclass.BasicSmoke_MobAndWeb" name="AddCommunicationsForCustomer_InMobile" time="0.0">
    <ignored/>
  </testcase> <!-- AddCommunicationsForCustomer_InMobile -->
  <testcase classname="New_ui_Testclass.BasicSmoke_MobAndWeb" name="Customer_PropertyHistory_EstimateAcceptedStatusCheck" time="0.0">
    <ignored/>
  </testcase> <!-- Customer_PropertyHistory_EstimateAcceptedStatusCheck -->
  <testcase classname="New_ui_Testclass.BasicSmoke_MobAndWeb" name="Verify_JobReminder_OnWeb" time="0.0">
    <ignored/>
  </testcase> <!-- Verify_JobReminder_OnWeb -->
  <testcase classname="New_ui_Testclass.BasicSmoke_MobAndWeb" name="EditWorkAddressAndVerifyinWeb" time="0.0">
    <ignored/>
  </testcase> <!-- EditWorkAddressAndVerifyinWeb -->
  <testcase classname="New_ui_Testclass.BasicSmoke_MobAndWeb" name="Customer_PropertyHistory_EstimateRejectedStatusCheck" time="0.0">
    <ignored/>
  </testcase> <!-- Customer_PropertyHistory_EstimateRejectedStatusCheck -->
  <testcase classname="New_ui_Testclass.BasicSmoke_MobAndWeb" name="Add_Edit_Delete_CustomerAssetNewUI" time="0.0">
    <ignored/>
  </testcase> <!-- Add_Edit_Delete_CustomerAssetNewUI -->
  <testcase classname="New_ui_Testclass.BasicSmoke_MobAndWeb" name="CustomerEditInWebAndVerifyInMob" time="0.0">
    <ignored/>
  </testcase> <!-- CustomerEditInWebAndVerifyInMob -->
  <testcase classname="New_ui_Testclass.BasicSmoke_MobAndWeb" name="VerifyCustomerNotesInWeb" time="0.0">
    <ignored/>
  </testcase> <!-- VerifyCustomerNotesInWeb -->
  <testcase classname="New_ui_Testclass.BasicSmoke_MobAndWeb" name="Reject_EstimateDiaryEvent_InMobile" time="0.0">
    <ignored/>
  </testcase> <!-- Reject_EstimateDiaryEvent_InMobile -->
  <testcase classname="New_ui_Testclass.BasicSmoke_MobAndWeb" name="Reject_JobDiaryEvent_InMobile" time="0.0">
    <ignored/>
  </testcase> <!-- Reject_JobDiaryEvent_InMobile -->
  <testcase classname="New_ui_Testclass.BasicSmoke_MobAndWeb" name="Verify_RejectedEstimateDiaryEventInWeb" time="0.0">
    <ignored/>
  </testcase> <!-- Verify_RejectedEstimateDiaryEventInWeb -->
  <testcase classname="New_ui_Testclass.BasicSmoke_MobAndWeb" name="AddCustomerContactsInMob" time="0.0">
    <ignored/>
  </testcase> <!-- AddCustomerContactsInMob -->
  <testcase classname="New_ui_Testclass.BasicSmoke_MobAndWeb" name="Customer_PropertyHistory_JobInvoicedStatusCheck" time="0.0">
    <ignored/>
  </testcase> <!-- Customer_PropertyHistory_JobInvoicedStatusCheck -->
  <testcase classname="New_ui_Testclass.BasicSmoke_MobAndWeb" name="Job_PropetyHistory_AllSection_View_Verification" time="0.0">
    <ignored/>
  </testcase> <!-- Job_PropetyHistory_AllSection_View_Verification -->
  <testcase classname="New_ui_Testclass.BasicSmoke_MobAndWeb" name="VerifyCustomerContactOnWeb" time="0.0">
    <ignored/>
  </testcase> <!-- VerifyCustomerContactOnWeb -->
  <testcase classname="New_ui_Testclass.BasicSmoke_MobAndWeb" name="Add_AttachedFiles_ForCustomer_InMobile" time="0.0">
    <ignored/>
  </testcase> <!-- Add_AttachedFiles_ForCustomer_InMobile -->
  <testcase classname="New_ui_Testclass.BasicSmoke_MobAndWeb" name="CreateCustomerAndVerifyInWeb" time="0.0">
    <ignored/>
  </testcase> <!-- CreateCustomerAndVerifyInWeb -->
  <testcase classname="New_ui_Testclass.BasicSmoke_MobAndWeb" name="RejectEstimatePriceInMob" time="0.0">
    <ignored/>
  </testcase> <!-- RejectEstimatePriceInMob -->
  <testcase classname="New_ui_Testclass.BasicSmoke_MobAndWeb" name="Assets_ForCustomer" time="0.0">
    <ignored/>
  </testcase> <!-- Assets_ForCustomer -->
  <testcase classname="New_ui_Testclass.BasicSmoke_MobAndWeb" name="GenerateCertificateForJob_And_VerifyInMobile" time="0.0">
    <ignored/>
  </testcase> <!-- GenerateCertificateForJob_And_VerifyInMobile -->
  <testcase classname="New_ui_Testclass.BasicSmoke_MobAndWeb" name="Add_Edit_Delete_ReminderForJob" time="0.0">
    <ignored/>
  </testcase> <!-- Add_Edit_Delete_ReminderForJob -->
  <testcase classname="New_ui_Testclass.BasicSmoke_MobAndWeb" name="Abort_Estimate_InMobile" time="0.0">
    <ignored/>
  </testcase> <!-- Abort_Estimate_InMobile -->
  <testcase classname="New_ui_Testclass.BasicSmoke_MobAndWeb" name="EditCustomerAndVerifyInWeb" time="0.0">
    <ignored/>
  </testcase> <!-- EditCustomerAndVerifyInWeb -->
  <testcase classname="New_ui_Testclass.BasicSmoke_MobAndWeb" name="Verify_CompletedCertificateInWeb" time="0.0">
    <ignored/>
  </testcase> <!-- Verify_CompletedCertificateInWeb -->
  <testcase classname="New_ui_Testclass.BasicSmoke_MobAndWeb" name="Verify_AcceptedEstimate_OnWeb" time="0.0">
    <ignored/>
  </testcase> <!-- Verify_AcceptedEstimate_OnWeb -->
  <testcase classname="New_ui_Testclass.BasicSmoke_MobAndWeb" name="PropertyHistory_SectionVerification" time="0.0">
    <ignored/>
  </testcase> <!-- PropertyHistory_SectionVerification -->
  <testcase classname="New_ui_Testclass.BasicSmoke_MobAndWeb" name="Demo" time="0.0">
    <ignored/>
  </testcase> <!-- Demo -->
  <testcase classname="New_ui_Testclass.BasicSmoke_MobAndWeb" name="Add_Draft_Delete_Clone_CustomFormNewUI" time="0.0">
    <ignored/>
  </testcase> <!-- Add_Draft_Delete_Clone_CustomFormNewUI -->
  <testcase classname="New_ui_Testclass.BasicSmoke_MobAndWeb" name="VerifyCustomerRemindersOnWeb" time="0.0">
    <ignored/>
  </testcase> <!-- VerifyCustomerRemindersOnWeb -->
  <testcase classname="New_ui_Testclass.BasicSmoke_MobAndWeb" name="EstimateAcceptWithPrice_InMobile" time="0.0">
    <ignored/>
  </testcase> <!-- EstimateAcceptWithPrice_InMobile -->
  <testcase classname="New_ui_Testclass.BasicSmoke_MobAndWeb" name="Verify_AbortedJob_DiaryEvent_InWeb" time="0.0">
    <ignored/>
  </testcase> <!-- Verify_AbortedJob_DiaryEvent_InWeb -->
  <testcase classname="New_ui_Testclass.BasicSmoke_MobAndWeb" name="VerifyCustomerFilesInWeb" time="0.0">
    <ignored/>
  </testcase> <!-- VerifyCustomerFilesInWeb -->
  <testcase classname="New_ui_Testclass.BasicSmoke_MobAndWeb" name="Add_Reminders_ForCustomer_InMobile" time="0.0">
    <ignored/>
  </testcase> <!-- Add_Reminders_ForCustomer_InMobile -->
  <testcase classname="New_ui_Testclass.BasicSmoke_MobAndWeb" name="AddWorkaddressAndVerifyInWeb" time="0.0">
    <ignored/>
  </testcase> <!-- AddWorkaddressAndVerifyInWeb -->
  <testcase classname="New_ui_Testclass.BasicSmoke_MobAndWeb" name="EmailCertificateFromMobileAndVerifyOnTheGmailApp" time="0.0">
    <ignored/>
  </testcase> <!-- EmailCertificateFromMobileAndVerifyOnTheGmailApp -->
  <testcase classname="New_ui_Testclass.BasicSmoke_MobAndWeb" name="A_RemoveEngineerDiaryEvent" time="0.0">
    <ignored/>
  </testcase> <!-- A_RemoveEngineerDiaryEvent -->
  <testcase classname="New_ui_Testclass.BasicSmoke_MobAndWeb" name="Verify_CompletedJobWithFinalInvoice_OnWeb" time="0.0">
    <ignored/>
  </testcase> <!-- Verify_CompletedJobWithFinalInvoice_OnWeb -->
  <testcase classname="New_ui_Testclass.BasicSmoke_MobAndWeb" name="WorkAddressEditInWebAndVerifyInMob" time="0.0">
    <ignored/>
  </testcase> <!-- WorkAddressEditInWebAndVerifyInMob -->
  <testcase classname="New_ui_Testclass.BasicSmoke_MobAndWeb" name="Verify_AbortedEstimateInWeb" time="0.0">
    <ignored/>
  </testcase> <!-- Verify_AbortedEstimateInWeb -->
  <testcase classname="New_ui_Testclass.BasicSmoke_MobAndWeb" name="Add_Edit_Delete_Complete_OfficeTask_VerifyBothMobAndWeb" time="0.0">
    <ignored/>
  </testcase> <!-- Add_Edit_Delete_Complete_OfficeTask_VerifyBothMobAndWeb -->
  <testcase classname="New_ui_Testclass.BasicSmoke_MobAndWeb" name="Verify_RejectedJobDiaryEvent_InWeb" time="0.0">
    <ignored/>
  </testcase> <!-- Verify_RejectedJobDiaryEvent_InWeb -->
  <testcase classname="New_ui_Testclass.BasicSmoke_MobAndWeb" name="Abort_Job_DiaryEvent_InMobile" time="0.0">
    <ignored/>
  </testcase> <!-- Abort_Job_DiaryEvent_InMobile -->
  <testcase classname="New_ui_Testclass.BasicSmoke_MobAndWeb" name="CompleteJobWithInvoiceAndPayment_InMobile" time="0.0">
    <ignored/>
  </testcase> <!-- CompleteJobWithInvoiceAndPayment_InMobile -->
  <testcase classname="New_ui_Testclass.BasicSmoke_MobAndWeb" name="Job_FreeOfCharge_VerifyStatusOnThePropertHistoryList" time="0.0">
    <ignored/>
  </testcase> <!-- Job_FreeOfCharge_VerifyStatusOnThePropertHistoryList -->
</testsuite> <!-- Failed Test Retest -->
