<?xml version="1.0" encoding="UTF-8"?>
<!-- Generated by org.testng.reporters.JUnitReportReporter -->
<testsuite hostname="Saravanan-Santhanam" failures="0" tests="46" name="New_ui_Testclass.Commusoft_WebAndMobile" time="2751.341" errors="2" timestamp="2024-04-03T20:04:46 IST" skipped="4">
  <testcase classname="New_ui_Testclass.Commusoft_WebAndMobile" name="Add_CustomerInWeb" time="17.865"/>
  <system-out/>
  <testcase classname="New_ui_Testclass.Commusoft_WebAndMobile" name="VerifyWebCustomerInMobile" time="62.292"/>
  <system-out/>
  <testcase classname="New_ui_Testclass.Commusoft_WebAndMobile" name="EditCustomerInWeb" time="11.837"/>
  <system-out/>
  <testcase classname="New_ui_Testclass.Commusoft_WebAndMobile" name="VerifyWebEditedCustomerInMobile" time="14.033"/>
  <system-out/>
  <testcase classname="New_ui_Testclass.Commusoft_WebAndMobile" name="CommunicationForWebCustomer" time="41.905"/>
  <system-out/>
  <testcase classname="New_ui_Testclass.Commusoft_WebAndMobile" name="Verify_Customer_Communication_InMobile" time="18.159"/>
  <system-out/>
  <testcase classname="New_ui_Testclass.Commusoft_WebAndMobile" name="ContactsForWebCustomer" time="14.063"/>
  <system-out/>
  <testcase classname="New_ui_Testclass.Commusoft_WebAndMobile" name="Verify_CustomerContactsInMobile" time="19.665"/>
  <system-out/>
  <testcase classname="New_ui_Testclass.Commusoft_WebAndMobile" name="CreateCustomerInMob_AndVerifyInWeb" time="33.971"/>
  <system-out/>
  <testcase classname="New_ui_Testclass.Commusoft_WebAndMobile" name="EditCustomerInMob_AndVerifyInWeb" time="26.474"/>
  <system-out/>
  <testcase classname="New_ui_Testclass.Commusoft_WebAndMobile" name="AddCommunicationForCustomerInMobile" time="71.580"/>
  <system-out/>
  <testcase classname="New_ui_Testclass.Commusoft_WebAndMobile" name="VerifyMobileCustomerCommunicationInWeb" time="6.365"/>
  <system-out/>
  <testcase classname="New_ui_Testclass.Commusoft_WebAndMobile" name="CreateEstimateDiaryEventInWeb_ForAccept" time="45.362"/>
  <system-out/>
  <testcase classname="New_ui_Testclass.Commusoft_WebAndMobile" name="Complete_Estimate_DiaryEvent_WithPrice_InMobile" time="132.967"/>
  <system-out/>
  <testcase classname="New_ui_Testclass.Commusoft_WebAndMobile" name="AcceptedEstimate_StatusAndNotification_Verification_InWeb" time="11.019"/>
  <system-out/>
  <testcase classname="New_ui_Testclass.Commusoft_WebAndMobile" name="CreateEstimateDiaryEventInWeb_ForReject" time="37.259"/>
  <system-out/>
  <testcase classname="New_ui_Testclass.Commusoft_WebAndMobile" name="Reject_Estimate_DiaryEvent_InMob" time="16.754"/>
  <system-out/>
  <testcase classname="New_ui_Testclass.Commusoft_WebAndMobile" name="RejectedEstimate_Status_Verification_InWeb" time="4.833"/>
  <system-out/>
  <testcase classname="New_ui_Testclass.Commusoft_WebAndMobile" name="CreateEstimateDiaryEventInWeb_ForAbort" time="36.618"/>
  <system-out/>
  <testcase classname="New_ui_Testclass.Commusoft_WebAndMobile" name="Abort_Estimate_DiaryEvent_InMob" time="17.791"/>
  <system-out/>
  <testcase classname="New_ui_Testclass.Commusoft_WebAndMobile" name="AbortedEstimate_Status_Verification_InWeb" time="4.654"/>
  <system-out/>
  <testcase classname="New_ui_Testclass.Commusoft_WebAndMobile" name="Create_EstimateWithoutSurveyTemplate_InWeb" time="71.535"/>
  <system-out/>
  <testcase classname="New_ui_Testclass.Commusoft_WebAndMobile" name="Complete_Estimate_without_price_and_QA_InMob" time="78.451"/>
  <system-out/>
  <testcase classname="New_ui_Testclass.Commusoft_WebAndMobile" name="Verify_StatusOf_Estimate_Without_Price_And_QA_InWeb" time="5.687"/>
  <system-out/>
  <testcase classname="New_ui_Testclass.Commusoft_WebAndMobile" name="CreateJobDiaryEventInWeb_UsingNewQuestionTemplate" time="45.414"/>
  <system-out/>
  <testcase classname="New_ui_Testclass.Commusoft_WebAndMobile" name="Complete_Job_With_Nobreakdown_FinalInvoiceAndPaymentOnMobile_UsingNewQuestionTemplate" time="105.924"/>
  <system-out/>
  <testcase classname="New_ui_Testclass.Commusoft_WebAndMobile" name="Verify_CompletedJob_WithNoBreakdown_FinalInvoice_AndPaymentOnWeb_UsingNewQuestionTemplate" time="8.026"/>
  <system-out/>
  <testcase classname="New_ui_Testclass.Commusoft_WebAndMobile" name="CreateJobDiaryEventInWeb_UsingOldSetup_WithQuestionAndSignature" time="102.558"/>
  <system-out/>
  <testcase classname="New_ui_Testclass.Commusoft_WebAndMobile" name="Complete_Job_With_BreakdownByCategory_FinalInvoiceAndPaymentOnMobile_UsingOldSetup_Including_QuestionAndSignature" time="160.560"/>
  <system-out/>
  <testcase classname="New_ui_Testclass.Commusoft_WebAndMobile" name="Verify_CompletedJob_WithBreakdownByCategory_FinalInvoice_AndPaymentOnWeb_UsingOldSetup_Including_QuestionAndSignature" time="7.338"/>
  <system-out/>
  <testcase classname="New_ui_Testclass.Commusoft_WebAndMobile" name="CreateJobDiaryEventInWeb_UsingOldSetup_WithoutQuestionAndSignature" time="98.183"/>
  <system-out/>
  <testcase classname="New_ui_Testclass.Commusoft_WebAndMobile" name="Complete_Job_With_FullBreakdown_FinalInvoiceAndPaymentOnMobile_UsingOldSetup_WithoutQuestionAndSignature" time="216.208"/>
  <system-out/>
  <testcase classname="New_ui_Testclass.Commusoft_WebAndMobile" name="Verify_CompletedJob_WithFullBreakdown_FinalInvoiceAndPaymentOnWeb_UsingOldSetup_WithoutQuestionAndSignature" time="7.997"/>
  <system-out/>
  <testcase classname="New_ui_Testclass.Commusoft_WebAndMobile" name="Reset_OldQuestionSetup" time="56.201"/>
  <system-out/>
  <testcase classname="New_ui_Testclass.Commusoft_WebAndMobile" name="CreatePrefinalInvoiceOnMobile_Verify_PrefinalInvoiceOnWebAndMobile_Then_VerifyFinalInvoiceOnBothPlatform_AfterJobCompletion" time="184.542"/>
  <system-out/>
  <testcase classname="New_ui_Testclass.Commusoft_WebAndMobile" name="AddJobInWebAndCreateCertificateInMobileThenVerifyOnBothPlatform" time="130.345"/>
  <system-out/>
  <testcase classname="New_ui_Testclass.Commusoft_WebAndMobile" name="EditCertificateInWebAndVerifyModifiedCertificateOnMobile_FinallyEmailCertificateThenVerifyInMobileGmail" time="253.578"/>
  <system-out/>
  <testcase classname="New_ui_Testclass.Commusoft_WebAndMobile" name="CreateJobInWeb_WithoutCompletionOnMob_AndVerifyStatusOnWeb" time="7.561">
    <skipped/>
  </testcase> <!-- CreateJobInWeb_WithoutCompletionOnMob_AndVerifyStatusOnWeb -->
  <system-out/>
  <testcase classname="New_ui_Testclass.Commusoft_WebAndMobile" name="CreateJobInWeb_WithoutCompletionOnMob_AndVerifyStatusOnWeb" time="7.927">
    <skipped/>
  </testcase> <!-- CreateJobInWeb_WithoutCompletionOnMob_AndVerifyStatusOnWeb -->
  <system-out/>
  <testcase classname="New_ui_Testclass.Commusoft_WebAndMobile" name="CreateJobInWeb_WithoutCompletionOnMob_AndVerifyStatusOnWeb" time="7.722">
    <error message="An element could not be located on the page using the given search parameters.
For documentation on this error, please visit: https://www.seleniumhq.org/exceptions/no_such_element.html
Build info: version: &#039;3.141.59&#039;, revision: &#039;e82be7d358&#039;, time: &#039;2018-11-14T08:17:03&#039;
System info: host: &#039;SARAVANAN-SANTH&#039;, ip: &#039;192.168.100.116&#039;, os.name: &#039;Windows 10&#039;, os.arch: &#039;amd64&#039;, os.version: &#039;10.0&#039;, java.version: &#039;17.0.1&#039;
Driver info: io.appium.java_client.android.AndroidDriver
Capabilities {appActivity: com.commusoft.v4.Setup.Acti..., appPackage: com.commusoft.v4, applicationName: Commusoft, automationName: UiAutomator2, clearDeviceLogsOnStart: true, databaseEnabled: false, desired: {appActivity: com.commusoft.v4.Setup.Acti..., appPackage: com.commusoft.v4, applicationName: Commusoft, automationName: UiAutomator2, clearDeviceLogsOnStart: true, deviceName: Redmi, newCommandTimeout: 10000, noReset: true, platformName: android, udid: 192.168.100.93:5555, version: 9}, deviceApiLevel: 30, deviceManufacturer: Xiaomi, deviceModel: Redmi Note 8 Pro, deviceName: 192.168.100.93:5555, deviceScreenDensity: 440, deviceScreenSize: 1080x2340, deviceUDID: 192.168.100.93:5555, javascriptEnabled: true, locationContextEnabled: false, networkConnectionEnabled: true, newCommandTimeout: 10000, noReset: true, pixelRatio: 2.75, platform: LINUX, platformName: Android, platformVersion: 11, statBarHeight: 76, takesScreenshot: true, udid: 192.168.100.93:5555, version: 9, viewportRect: {height: 2058, left: 0, top: 76, width: 1080}, warnings: {}, webStorageEnabled: false}
Session ID: cca98412-bd01-4ac2-ba71-7363784085d3
*** Element info: {Using=xpath, value=//*[@class=&#039;android.widget.Button&#039;]}" type="org.openqa.selenium.NoSuchElementException">
      <![CDATA[org.openqa.selenium.NoSuchElementException: An element could not be located on the page using the given search parameters.
For documentation on this error, please visit: https://www.seleniumhq.org/exceptions/no_such_element.html
Build info: version: '3.141.59', revision: 'e82be7d358', time: '2018-11-14T08:17:03'
System info: host: 'SARAVANAN-SANTH', ip: '192.168.100.116', os.name: 'Windows 10', os.arch: 'amd64', os.version: '10.0', java.version: '17.0.1'
Driver info: io.appium.java_client.android.AndroidDriver
Capabilities {appActivity: com.commusoft.v4.Setup.Acti..., appPackage: com.commusoft.v4, applicationName: Commusoft, automationName: UiAutomator2, clearDeviceLogsOnStart: true, databaseEnabled: false, desired: {appActivity: com.commusoft.v4.Setup.Acti..., appPackage: com.commusoft.v4, applicationName: Commusoft, automationName: UiAutomator2, clearDeviceLogsOnStart: true, deviceName: Redmi, newCommandTimeout: 10000, noReset: true, platformName: android, udid: 192.168.100.93:5555, version: 9}, deviceApiLevel: 30, deviceManufacturer: Xiaomi, deviceModel: Redmi Note 8 Pro, deviceName: 192.168.100.93:5555, deviceScreenDensity: 440, deviceScreenSize: 1080x2340, deviceUDID: 192.168.100.93:5555, javascriptEnabled: true, locationContextEnabled: false, networkConnectionEnabled: true, newCommandTimeout: 10000, noReset: true, pixelRatio: 2.75, platform: LINUX, platformName: Android, platformVersion: 11, statBarHeight: 76, takesScreenshot: true, udid: 192.168.100.93:5555, version: 9, viewportRect: {height: 2058, left: 0, top: 76, width: 1080}, warnings: {}, webStorageEnabled: false}
Session ID: cca98412-bd01-4ac2-ba71-7363784085d3
*** Element info: {Using=xpath, value=//*[@class='android.widget.Button']}
at jdk.internal.reflect.GeneratedConstructorAccessor14.newInstance(Unknown Source)
at java.base/jdk.internal.reflect.DelegatingConstructorAccessorImpl.newInstance(DelegatingConstructorAccessorImpl.java:45)
at java.base/java.lang.reflect.Constructor.newInstanceWithCaller(Constructor.java:499)
at java.base/java.lang.reflect.Constructor.newInstance(Constructor.java:480)
at org.openqa.selenium.remote.http.W3CHttpResponseCodec.createException(W3CHttpResponseCodec.java:187)
at org.openqa.selenium.remote.http.W3CHttpResponseCodec.decode(W3CHttpResponseCodec.java:122)
at org.openqa.selenium.remote.http.W3CHttpResponseCodec.decode(W3CHttpResponseCodec.java:49)
at org.openqa.selenium.remote.HttpCommandExecutor.execute(HttpCommandExecutor.java:158)
at io.appium.java_client.remote.AppiumCommandExecutor.execute(AppiumCommandExecutor.java:247)
at org.openqa.selenium.remote.RemoteWebDriver.execute(RemoteWebDriver.java:552)
at io.appium.java_client.DefaultGenericMobileDriver.execute(DefaultGenericMobileDriver.java:41)
at io.appium.java_client.AppiumDriver.execute(AppiumDriver.java:1)
at io.appium.java_client.android.AndroidDriver.execute(AndroidDriver.java:1)
at org.openqa.selenium.remote.RemoteWebDriver.findElement(RemoteWebDriver.java:323)
at io.appium.java_client.DefaultGenericMobileDriver.findElement(DefaultGenericMobileDriver.java:61)
at io.appium.java_client.AppiumDriver.findElement(AppiumDriver.java:1)
at io.appium.java_client.android.AndroidDriver.findElement(AndroidDriver.java:1)
at org.openqa.selenium.remote.RemoteWebDriver.findElementByXPath(RemoteWebDriver.java:428)
at io.appium.java_client.DefaultGenericMobileDriver.findElementByXPath(DefaultGenericMobileDriver.java:151)
at io.appium.java_client.AppiumDriver.findElementByXPath(AppiumDriver.java:1)
at io.appium.java_client.android.AndroidDriver.findElementByXPath(AndroidDriver.java:1)
at org.openqa.selenium.By$ByXPath.findElement(By.java:353)
at org.openqa.selenium.remote.RemoteWebDriver.findElement(RemoteWebDriver.java:315)
at io.appium.java_client.DefaultGenericMobileDriver.findElement(DefaultGenericMobileDriver.java:57)
at io.appium.java_client.AppiumDriver.findElement(AppiumDriver.java:1)
at io.appium.java_client.android.AndroidDriver.findElement(AndroidDriver.java:1)
at MainPack.Wrapper.click(Wrapper.java:236)
at Pages.Customer.GetUserName(Customer.java:581)
at New_ui_Testclass.Commusoft_WebAndMobile.CreateJobInWeb_WithoutCompletionOnMob_AndVerifyStatusOnWeb(Commusoft_WebAndMobile.java:1406)
at java.base/jdk.internal.reflect.NativeMethodAccessorImpl.invoke0(Native Method)
at java.base/jdk.internal.reflect.NativeMethodAccessorImpl.invoke(NativeMethodAccessorImpl.java:77)
at java.base/jdk.internal.reflect.DelegatingMethodAccessorImpl.invoke(DelegatingMethodAccessorImpl.java:43)
at java.base/java.lang.reflect.Method.invoke(Method.java:568)
at org.testng.internal.MethodInvocationHelper.invokeMethod(MethodInvocationHelper.java:133)
at org.testng.internal.TestInvoker.invokeMethod(TestInvoker.java:598)
at org.testng.internal.TestInvoker.retryFailed(TestInvoker.java:213)
at org.testng.internal.MethodRunner.runInSequence(MethodRunner.java:58)
at org.testng.internal.TestInvoker$MethodInvocationAgent.invoke(TestInvoker.java:824)
at org.testng.internal.TestInvoker.invokeTestMethods(TestInvoker.java:146)
at org.testng.internal.TestMethodWorker.invokeTestMethods(TestMethodWorker.java:146)
at org.testng.internal.TestMethodWorker.run(TestMethodWorker.java:128)
at java.base/java.util.ArrayList.forEach(ArrayList.java:1511)
at org.testng.TestRunner.privateRun(TestRunner.java:794)
at org.testng.TestRunner.run(TestRunner.java:596)
at org.testng.SuiteRunner.runTest(SuiteRunner.java:377)
at org.testng.SuiteRunner.runSequentially(SuiteRunner.java:371)
at org.testng.SuiteRunner.privateRun(SuiteRunner.java:332)
at org.testng.SuiteRunner.run(SuiteRunner.java:276)
at org.testng.SuiteRunnerWorker.runSuite(SuiteRunnerWorker.java:53)
at org.testng.SuiteRunnerWorker.run(SuiteRunnerWorker.java:96)
at org.testng.TestNG.runSuitesSequentially(TestNG.java:1212)
at org.testng.TestNG.runSuitesLocally(TestNG.java:1134)
at org.testng.TestNG.runSuites(TestNG.java:1063)
at org.testng.TestNG.run(TestNG.java:1031)
at org.testng.remote.AbstractRemoteTestNG.run(AbstractRemoteTestNG.java:115)
at org.testng.remote.RemoteTestNG.initAndRun(RemoteTestNG.java:251)
at org.testng.remote.RemoteTestNG.main(RemoteTestNG.java:77)
]]>
    </error>
  </testcase> <!-- CreateJobInWeb_WithoutCompletionOnMob_AndVerifyStatusOnWeb -->
  <system-out/>
  <testcase classname="New_ui_Testclass.Commusoft_WebAndMobile" name="CreateJobWithDefaultPrefinalInvoice_AndVerifyItOnMobileAndCompleteJob_FinallyVerifyConvertedFinalInvoiceOnBothMobileAndWeb" time="6.573">
    <skipped/>
  </testcase> <!-- CreateJobWithDefaultPrefinalInvoice_AndVerifyItOnMobileAndCompleteJob_FinallyVerifyConvertedFinalInvoiceOnBothMobileAndWeb -->
  <system-out/>
  <testcase classname="New_ui_Testclass.Commusoft_WebAndMobile" name="CreateJobWithDefaultPrefinalInvoice_AndVerifyItOnMobileAndCompleteJob_FinallyVerifyConvertedFinalInvoiceOnBothMobileAndWeb" time="106.550">
    <error message="Expected condition failed: waiting for element to be clickable: By.xpath: //ul[@class=&#039;select2-results&#039;]/li[1] (tried for 40 second(s) with 500 milliseconds interval)
Build info: version: &#039;3.141.59&#039;, revision: &#039;e82be7d358&#039;, time: &#039;2018-11-14T08:17:03&#039;
System info: host: &#039;SARAVANAN-SANTH&#039;, ip: &#039;192.168.100.116&#039;, os.name: &#039;Windows 10&#039;, os.arch: &#039;amd64&#039;, os.version: &#039;10.0&#039;, java.version: &#039;17.0.1&#039;
Driver info: org.openqa.selenium.chrome.ChromeDriver
Capabilities {acceptInsecureCerts: false, browserName: chrome, browserVersion: 123.0.6312.86, chrome: {chromedriverVersion: 123.0.6312.86 (9b72c47a0536..., userDataDir: C:\Users\ssara\AppData\Loca...}, fedcm:accounts: true, goog:chromeOptions: {debuggerAddress: localhost:64315}, javascriptEnabled: true, networkConnectionEnabled: false, pageLoadStrategy: normal, platform: WINDOWS, platformName: WINDOWS, proxy: Proxy(), setWindowRect: true, strictFileInteractability: false, timeouts: {implicit: 0, pageLoad: 300000, script: 30000}, unhandledPromptBehavior: dismiss and notify, webauthn:extension:credBlob: true, webauthn:extension:largeBlob: true, webauthn:extension:minPinLength: true, webauthn:extension:prf: true, webauthn:virtualAuthenticators: true}
Session ID: 5652b9e4dbfd499c6a2ef60f1a65a7fe" type="org.openqa.selenium.TimeoutException">
      <![CDATA[org.openqa.selenium.TimeoutException: Expected condition failed: waiting for element to be clickable: By.xpath: //ul[@class='select2-results']/li[1] (tried for 40 second(s) with 500 milliseconds interval)
Build info: version: '3.141.59', revision: 'e82be7d358', time: '2018-11-14T08:17:03'
System info: host: 'SARAVANAN-SANTH', ip: '192.168.100.116', os.name: 'Windows 10', os.arch: 'amd64', os.version: '10.0', java.version: '17.0.1'
Driver info: org.openqa.selenium.chrome.ChromeDriver
Capabilities {acceptInsecureCerts: false, browserName: chrome, browserVersion: 123.0.6312.86, chrome: {chromedriverVersion: 123.0.6312.86 (9b72c47a0536..., userDataDir: C:\Users\ssara\AppData\Loca...}, fedcm:accounts: true, goog:chromeOptions: {debuggerAddress: localhost:64315}, javascriptEnabled: true, networkConnectionEnabled: false, pageLoadStrategy: normal, platform: WINDOWS, platformName: WINDOWS, proxy: Proxy(), setWindowRect: true, strictFileInteractability: false, timeouts: {implicit: 0, pageLoad: 300000, script: 30000}, unhandledPromptBehavior: dismiss and notify, webauthn:extension:credBlob: true, webauthn:extension:largeBlob: true, webauthn:extension:minPinLength: true, webauthn:extension:prf: true, webauthn:virtualAuthenticators: true}
Session ID: 5652b9e4dbfd499c6a2ef60f1a65a7fe
at org.openqa.selenium.support.ui.WebDriverWait.timeoutException(WebDriverWait.java:95)
at org.openqa.selenium.support.ui.FluentWait.until(FluentWait.java:272)
at MainPack.WrapperForWeb.ExplicitWait_ElementToBeClickable2(WrapperForWeb.java:320)
at MobAndWeb_Page.Settings.DefaultNominalValue(Settings.java:318)
at New_ui_Testclass.Commusoft_WebAndMobile.CreateJobWithDefaultPrefinalInvoice_AndVerifyItOnMobileAndCompleteJob_FinallyVerifyConvertedFinalInvoiceOnBothMobileAndWeb(Commusoft_WebAndMobile.java:1506)
at java.base/jdk.internal.reflect.NativeMethodAccessorImpl.invoke0(Native Method)
at java.base/jdk.internal.reflect.NativeMethodAccessorImpl.invoke(NativeMethodAccessorImpl.java:77)
at java.base/jdk.internal.reflect.DelegatingMethodAccessorImpl.invoke(DelegatingMethodAccessorImpl.java:43)
at java.base/java.lang.reflect.Method.invoke(Method.java:568)
at org.testng.internal.MethodInvocationHelper.invokeMethod(MethodInvocationHelper.java:133)
at org.testng.internal.TestInvoker.invokeMethod(TestInvoker.java:598)
at org.testng.internal.TestInvoker.retryFailed(TestInvoker.java:213)
at org.testng.internal.MethodRunner.runInSequence(MethodRunner.java:58)
at org.testng.internal.TestInvoker$MethodInvocationAgent.invoke(TestInvoker.java:824)
at org.testng.internal.TestInvoker.invokeTestMethods(TestInvoker.java:146)
at org.testng.internal.TestMethodWorker.invokeTestMethods(TestMethodWorker.java:146)
at org.testng.internal.TestMethodWorker.run(TestMethodWorker.java:128)
at java.base/java.util.ArrayList.forEach(ArrayList.java:1511)
at org.testng.TestRunner.privateRun(TestRunner.java:794)
at org.testng.TestRunner.run(TestRunner.java:596)
at org.testng.SuiteRunner.runTest(SuiteRunner.java:377)
at org.testng.SuiteRunner.runSequentially(SuiteRunner.java:371)
at org.testng.SuiteRunner.privateRun(SuiteRunner.java:332)
at org.testng.SuiteRunner.run(SuiteRunner.java:276)
at org.testng.SuiteRunnerWorker.runSuite(SuiteRunnerWorker.java:53)
at org.testng.SuiteRunnerWorker.run(SuiteRunnerWorker.java:96)
at org.testng.TestNG.runSuitesSequentially(TestNG.java:1212)
at org.testng.TestNG.runSuitesLocally(TestNG.java:1134)
at org.testng.TestNG.runSuites(TestNG.java:1063)
at org.testng.TestNG.run(TestNG.java:1031)
at org.testng.remote.AbstractRemoteTestNG.run(AbstractRemoteTestNG.java:115)
at org.testng.remote.RemoteTestNG.initAndRun(RemoteTestNG.java:251)
at org.testng.remote.RemoteTestNG.main(RemoteTestNG.java:77)
]]>
    </error>
  </testcase> <!-- CreateJobWithDefaultPrefinalInvoice_AndVerifyItOnMobileAndCompleteJob_FinallyVerifyConvertedFinalInvoiceOnBothMobileAndWeb -->
  <system-out/>
  <testcase classname="New_ui_Testclass.Commusoft_WebAndMobile" name="CreateJobWithDefaultPrefinalInvoice_AndVerifyItOnMobileAndCompleteJob_FinallyVerifyConvertedFinalInvoiceOnBothMobileAndWeb" time="6.843">
    <skipped/>
  </testcase> <!-- CreateJobWithDefaultPrefinalInvoice_AndVerifyItOnMobileAndCompleteJob_FinallyVerifyConvertedFinalInvoiceOnBothMobileAndWeb -->
  <system-out/>
  <testcase classname="New_ui_Testclass.Commusoft_WebAndMobile" name="SelectCompletedJobFromWebNotificationAndCreateFinalInvoiceForJobInWeb_ThenCompleteInvoiceFromMobile_FinallyVerifyOnBothMobileAndWeb" time="190.499"/>
  <system-out/>
  <testcase classname="New_ui_Testclass.Commusoft_WebAndMobile" name="VerifyArriveAndLeaveAnswersOnBothMobileAndWeb" time="190.928"/>
  <system-out/>
  <testcase classname="New_ui_Testclass.Commusoft_WebAndMobile" name="AddOfficeTaskFromMobileAndCompleteOnWebByOtherUser_FinallyVerifyTheOfficeTaskStatusOnMobile" time="48.725"/>
  <system-out/>
</testsuite> <!-- New_ui_Testclass.Commusoft_WebAndMobile -->
